NTR A0003_ R f 00 S f  0.0 H f 00 M 000
VAL A0003_ R f 00 S f  0.0 H f 00 M 000
ILE A0004_ R f 00 S f  0.0 H f 00 M 000
ASN A0005_ R f 00 S f  0.0 H f 00 M 000
THR A0006_ R f 00 S f  0.0 H f 00 M 000
PHE A0007_ R f 00 S f  0.0 H f 00 M 000
ASP A0008_ R f 00 S f  0.0 H f 00 M 000
GLY A0009_ R f 00 S f  0.0 H f 00 M 000
VAL A0010_ R f 00 S f  0.0 H f 00 M 000
ALA A0011_ R f 00 S f  0.0 H f 00 M 000
ASP A0012_ R f 00 S f  0.0 H f 00 M 000
TYR A0013_ R f 00 S f  0.0 H f 00 M 000
LEU A0014_ R f 00 S f  0.0 H f 00 M 000
GLN A0015_ R f 00 S f  0.0 H f 00 M 000
THR A0016_ R f 00 S f  0.0 H f 00 M 000
TYR A0017_ R f 00 S f  0.0 H f 00 M 000
HIS A0018_ R f 00 S f  0.0 H f 00 M 000
LYS A0019_ R f 00 S f  0.0 H f 00 M 000
LEU A0020_ R f 00 S f  0.0 H f 00 M 000
PRO A0021_ R f 00 S f  0.0 H f 00 M 000
ASP A0022_ R f 00 S f  0.0 H f 00 M 000
ASN A0023_ R f 00 S f  0.0 H f 00 M 000
TYR A0024_ R f 00 S f  0.0 H f 00 M 000
ILE A0025_ R f 00 S f  0.0 H f 00 M 000
THR A0026_ R f 00 S f  0.0 H f 00 M 000
LYS A0027_ R f 00 S f  0.0 H f 00 M 000
SER A0028_ R f 00 S f  0.0 H f 00 M 000
GLU A0029_ R f 00 S f  0.0 H f 00 M 000
ALA A0030_ R f 00 S f  0.0 H f 00 M 000
GLN A0031_ R f 00 S f  0.0 H f 00 M 000
ALA A0032_ R f 00 S f  0.0 H f 00 M 000
LEU A0033_ R f 00 S f  0.0 H f 00 M 000
GLY A0034_ R f 00 S f  0.0 H f 00 M 000
TRP A0035_ R f 00 S f  0.0 H f 00 M 000
VAL A0036_ R f 00 S f  0.0 H f 00 M 000
ALA A0037_ R f 00 S f  0.0 H f 00 M 000
SER A0038_ R f 00 S f  0.0 H f 00 M 000
LYS A0039_ R f 00 S f  0.0 H f 00 M 000
GLY A0040_ R f 00 S f  0.0 H f 00 M 000
ASN A0041_ R f 00 S f  0.0 H f 00 M 000
LEU A0042_ R f 00 S f  0.0 H f 00 M 000
ALA A0043_ R f 00 S f  0.0 H f 00 M 000
ASP A0044_ R f 00 S f  0.0 H f 00 M 000
VAL A0045_ R f 00 S f  0.0 H f 00 M 000
ALA A0046_ R f 00 S f  0.0 H f 00 M 000
PRO A0047_ R f 00 S f  0.0 H f 00 M 000
GLY A0048_ R f 00 S f  0.0 H f 00 M 000
LYS A0049_ R f 00 S f  0.0 H f 00 M 000
SER A0050_ R f 00 S f  0.0 H f 00 M 000
ILE A0051_ R f 00 S f  0.0 H f 00 M 000
GLY A0052_ R f 00 S f  0.0 H f 00 M 000
GLY A0053_ R f 00 S f  0.0 H f 00 M 000
ASP A0054_ R f 00 S f  0.0 H f 00 M 000
ILE A0055_ R f 00 S f  0.0 H f 00 M 000
PHE A0056_ R f 00 S f  0.0 H f 00 M 000
SER A0057_ R f 00 S f  0.0 H f 00 M 000
ASN A0058_ R f 00 S f  0.0 H f 00 M 000
ARG A0059_ R f 00 S f  0.0 H f 00 M 000
GLU A0060_ R f 00 S f  0.0 H f 00 M 000
GLY A0061_ R f 00 S f  0.0 H f 00 M 000
LYS A0062_ R f 00 S f  0.0 H f 00 M 000
LEU A0063_ R f 00 S f  0.0 H f 00 M 000
PRO A0064_ R f 00 S f  0.0 H f 00 M 000
GLY A0065_ R f 00 S f  0.0 H f 00 M 000
LYS A0066_ R f 00 S f  0.0 H f 00 M 000
SER A0067_ R f 00 S f  0.0 H f 00 M 000
GLY A0068_ R f 00 S f  0.0 H f 00 M 000
ARG A0069_ R f 00 S f  0.0 H f 00 M 000
THR A0070_ R f 00 S f  0.0 H f 00 M 000
TRP A0071_ R f 00 S f  0.0 H f 00 M 000
ARG A0072_ R f 00 S f  0.0 H f 00 M 000
GLU A0073_ R f 00 S f  0.0 H f 00 M 000
ALA A0074_ R f 00 S f  0.0 H f 00 M 000
ASP A0075_ R f 00 S f  0.0 H f 00 M 000
ILE A0076_ R f 00 S f  0.0 H f 00 M 000
ASN A0077_ R f 00 S f  0.0 H f 00 M 000
TYR A0078_ R f 00 S f  0.0 H f 00 M 000
THR A0079_ R f 00 S f  0.0 H f 00 M 000
SER A0080_ R f 00 S f  0.0 H f 00 M 000
GLY A0081_ R f 00 S f  0.0 H f 00 M 000
PHE A0082_ R f 00 S f  0.0 H f 00 M 000
ARG A0083_ R f 00 S f  0.0 H f 00 M 000
ASN A0084_ R f 00 S f  0.0 H f 00 M 000
SER A0085_ R f 00 S f  0.0 H f 00 M 000
ASP A0086_ R f 00 S f  0.0 H f 00 M 000
ARG A0087_ R f 00 S f  0.0 H f 00 M 000
ILE A0088_ R f 00 S f  0.0 H f 00 M 000
LEU A0089_ R f 00 S f  0.0 H f 00 M 000
TYR A0090_ R f 00 S f  0.0 H f 00 M 000
SER A0091_ R f 00 S f  0.0 H f 00 M 000
SER A0092_ R f 00 S f  0.0 H f 00 M 000
ASP A0093_ R f 00 S f  0.0 H f 00 M 000
TRP A0094_ R f 00 S f  0.0 H f 00 M 000
LEU A0095_ R f 00 S f  0.0 H f 00 M 000
ILE A0096_ R f 00 S f  0.0 H f 00 M 000
TYR A0097_ R f 00 S f  0.0 H f 00 M 000
LYS A0098_ R f 00 S f  0.0 H f 00 M 000
THR A0099_ R f 00 S f  0.0 H f 00 M 000
THR A0100_ R f 00 S f  0.0 H f 00 M 000
ASP A0101_ R f 00 S f  0.0 H f 00 M 000
HIS A0102_ R f 00 S f  0.0 H f 00 M 000
TYR A0103_ R f 00 S f  0.0 H f 00 M 000
GLN A0104_ R f 00 S f  0.0 H f 00 M 000
THR A0105_ R f 00 S f  0.0 H f 00 M 000
PHE A0106_ R f 00 S f  0.0 H f 00 M 000
THR A0107_ R f 00 S f  0.0 H f 00 M 000
LYS A0108_ R f 00 S f  0.0 H f 00 M 000
ILE A0109_ R f 00 S f  0.0 H f 00 M 000
ARG A0110_ R f 00 S f  0.0 H f 00 M 000
CTR A0110_ R f 00 S f  0.0 H f 00 M 000
_ZN A0112_ R f 00 S f  0.0 H f 00 M 000
