NTG A0001_ R f 00 S f  0.0 H f 00 M 000
GLY A0001_ R f 00 S f  0.0 H f 00 M 000
ASP A0002_ R f 00 S f  0.0 H f 00 M 000
VAL A0003_ R f 00 S f  0.0 H f 00 M 000
GLU A0004_ R f 00 S f  0.0 H f 00 M 000
LYS A0005_ R f 00 S f  0.0 H f 00 M 000
GLY A0006_ R f 00 S f  0.0 H f 00 M 000
LYS A0007_ R f 00 S f  0.0 H f 00 M 000
LYS A0008_ R f 00 S f  0.0 H f 00 M 000
ILE A0009_ R f 00 S f  0.0 H f 00 M 000
PHE A0010_ R f 00 S f  0.0 H f 00 M 000
VAL A0011_ R f 00 S f  0.0 H f 00 M 000
GLN A0012_ R f 00 S f  0.0 H f 00 M 000
LYS A0013_ R f 00 S f  0.0 H f 00 M 000
CYL A0014_ R f 00 S f  0.0 H f 00 M 000
ALA A0015_ R f 00 S f  0.0 H f 00 M 000
GLN A0016_ R f 00 S f  0.0 H f 00 M 000
CYL A0017_ R f 00 S f  0.0 H f 00 M 000
HIL A0018_ R f 00 S f  0.0 H f 00 M 000
THR A0019_ R f 00 S f  0.0 H f 00 M 000
VAL A0020_ R f 00 S f  0.0 H f 00 M 000
GLU A0021_ R f 00 S f  0.0 H f 00 M 000
LYS A0022_ R f 00 S f  0.0 H f 00 M 000
GLY A0023_ R f 00 S f  0.0 H f 00 M 000
GLY A0024_ R f 00 S f  0.0 H f 00 M 000
LYS A0025_ R f 00 S f  0.0 H f 00 M 000
HIS A0026_ R f 00 S f  0.0 H f 00 M 000
LYS A0027_ R f 00 S f  0.0 H f 00 M 000
THR A0028_ R f 00 S f  0.0 H f 00 M 000
GLY A0029_ R f 00 S f  0.0 H f 00 M 000
PRO A0030_ R f 00 S f  0.0 H f 00 M 000
ASN A0031_ R f 00 S f  0.0 H f 00 M 000
LEU A0032_ R f 00 S f  0.0 H f 00 M 000
HIS A0033_ R f 00 S f  0.0 H f 00 M 000
GLY A0034_ R f 00 S f  0.0 H f 00 M 000
LEU A0035_ R f 00 S f  0.0 H f 00 M 000
PHE A0036_ R f 00 S f  0.0 H f 00 M 000
GLY A0037_ R f 00 S f  0.0 H f 00 M 000
ARG A0038_ R f 00 S f  0.0 H f 00 M 000
LYS A0039_ R f 00 S f  0.0 H f 00 M 000
THR A0040_ R f 00 S f  0.0 H f 00 M 000
GLY A0041_ R f 00 S f  0.0 H f 00 M 000
GLN A0042_ R f 00 S f  0.0 H f 00 M 000
ALA A0043_ R f 00 S f  0.0 H f 00 M 000
PRO A0044_ R f 00 S f  0.0 H f 00 M 000
GLY A0045_ R f 00 S f  0.0 H f 00 M 000
PHE A0046_ R f 00 S f  0.0 H f 00 M 000
THR A0047_ R f 00 S f  0.0 H f 00 M 000
TYR A0048_ R f 00 S f  0.0 H f 00 M 000
THR A0049_ R f 00 S f  0.0 H f 00 M 000
ASP A0050_ R f 00 S f  0.0 H f 00 M 000
ALA A0051_ R f 00 S f  0.0 H f 00 M 000
ASN A0052_ R f 00 S f  0.0 H f 00 M 000
LYS A0053_ R f 00 S f  0.0 H f 00 M 000
ASN A0054_ R f 00 S f  0.0 H f 00 M 000
LYS A0055_ R f 00 S f  0.0 H f 00 M 000
GLY A0056_ R f 00 S f  0.0 H f 00 M 000
ILE A0057_ R f 00 S f  0.0 H f 00 M 000
THR A0058_ R f 00 S f  0.0 H f 00 M 000
TRP A0059_ R f 00 S f  0.0 H f 00 M 000
LYS A0060_ R f 00 S f  0.0 H f 00 M 000
GLU A0061_ R f 00 S f  0.0 H f 00 M 000
GLU A0062_ R f 00 S f  0.0 H f 00 M 000
THR A0063_ R f 00 S f  0.0 H f 00 M 000
LEU A0064_ R f 00 S f  0.0 H f 00 M 000
MET A0065_ R f 00 S f  0.0 H f 00 M 000
GLU A0066_ R f 00 S f  0.0 H f 00 M 000
TYR A0067_ R f 00 S f  0.0 H f 00 M 000
LEU A0068_ R f 00 S f  0.0 H f 00 M 000
GLU A0069_ R f 00 S f  0.0 H f 00 M 000
ASN A0070_ R f 00 S f  0.0 H f 00 M 000
PRO A0071_ R f 00 S f  0.0 H f 00 M 000
LYS A0072_ R f 00 S f  0.0 H f 00 M 000
LYS A0073_ R f 00 S f  0.0 H f 00 M 000
TYR A0074_ R f 00 S f  0.0 H f 00 M 000
ILE A0075_ R f 00 S f  0.0 H f 00 M 000
PRO A0076_ R f 00 S f  0.0 H f 00 M 000
GLY A0077_ R f 00 S f  0.0 H f 00 M 000
THR A0078_ R f 00 S f  0.0 H f 00 M 000
LYS A0079_ R f 00 S f  0.0 H f 00 M 000
MEL A0080_ R f 00 S f  0.0 H f 00 M 000
ILE A0081_ R f 00 S f  0.0 H f 00 M 000
PHE A0082_ R f 00 S f  0.0 H f 00 M 000
ALA A0083_ R f 00 S f  0.0 H f 00 M 000
GLY A0084_ R f 00 S f  0.0 H f 00 M 000
ILE A0085_ R f 00 S f  0.0 H f 00 M 000
LYS A0086_ R f 00 S f  0.0 H f 00 M 000
LYS A0087_ R f 00 S f  0.0 H f 00 M 000
LYS A0088_ R f 00 S f  0.0 H f 00 M 000
THR A0089_ R f 00 S f  0.0 H f 00 M 000
GLU A0090_ R f 00 S f  0.0 H f 00 M 000
ARG A0091_ R f 00 S f  0.0 H f 00 M 000
GLU A0092_ R f 00 S f  0.0 H f 00 M 000
ASP A0093_ R f 00 S f  0.0 H f 00 M 000
LEU A0094_ R f 00 S f  0.0 H f 00 M 000
ILE A0095_ R f 00 S f  0.0 H f 00 M 000
ALA A0096_ R f 00 S f  0.0 H f 00 M 000
TYR A0097_ R f 00 S f  0.0 H f 00 M 000
LEU A0098_ R f 00 S f  0.0 H f 00 M 000
LYS A0099_ R f 00 S f  0.0 H f 00 M 000
LYS A0100_ R f 00 S f  0.0 H f 00 M 000
ALA A0101_ R f 00 S f  0.0 H f 00 M 000
THR A0102_ R f 00 S f  0.0 H f 00 M 000
ASN A0103_ R f 00 S f  0.0 H f 00 M 000
GLU A0104_ R f 00 S f  0.0 H f 00 M 000
CTR A0104_ R f 00 S f  0.0 H f 00 M 000
HEM A0105_ R f 00 S f  0.0 H f 00 M 000
PAA A0105_ R f 00 S f  0.0 H f 00 M 000
PDD A0105_ R f 00 S f  0.0 H f 00 M 000
